2021-02-03 18:22:22.466  INFO 17352 --- [restartedMain] c.a.p.a.a.PhotoAppApiAlbumsApplication   : No active profile set, falling back to default profiles: default
2021-02-03 18:22:24.261  WARN 17352 --- [restartedMain] o.s.boot.actuate.endpoint.EndpointId     : Endpoint ID 'service-registry' contains invalid characters, please migrate to a valid format.
2021-02-03 18:22:24.667  INFO 17352 --- [restartedMain] o.s.cloud.context.scope.GenericScope     : BeanFactory id=406fd4e2-c1d9-3c7d-9929-c004920522e4
2021-02-03 18:22:24.874  INFO 17352 --- [restartedMain] trationDelegate$BeanPostProcessorChecker : Bean 'org.springframework.cloud.autoconfigure.ConfigurationPropertiesRebinderAutoConfiguration' of type [org.springframework.cloud.autoconfigure.ConfigurationPropertiesRebinderAutoConfiguration$$EnhancerBySpringCGLIB$$40f45923] is not eligible for getting processed by all BeanPostProcessors (for example: not eligible for auto-proxying)
2021-02-03 18:22:25.798  INFO 17352 --- [restartedMain] o.s.b.w.embedded.tomcat.TomcatWebServer  : Tomcat initialized with port(s): 0 (http)
2021-02-03 18:22:25.843  INFO 17352 --- [restartedMain] o.apache.catalina.core.StandardService   : Starting service [Tomcat]
2021-02-03 18:22:25.845  INFO 17352 --- [restartedMain] org.apache.catalina.core.StandardEngine  : Starting Servlet engine: [Apache Tomcat/9.0.14]
2021-02-03 18:22:25.862  INFO 17352 --- [restartedMain] o.a.catalina.core.AprLifecycleListener   : The APR based Apache Tomcat Native library which allows optimal performance in production environments was not found on the java.library.path: [C:\Program Files\Java\jdk-12.0.2\bin;C:\WINDOWS\Sun\Java\bin;C:\WINDOWS\system32;C:\WINDOWS;C:\Program Files\Java\jdk-11.0.3\bin;C:\Program Files (x86)\Common Files\Oracle\Java\javapath;C:\Program Files (x86)\Common Files\Intel\Shared Libraries\redist\intel64\compiler;C:\WINDOWS\system32;C:\WINDOWS;C:\WINDOWS\System32\Wbem;C:\WINDOWS\System32\WindowsPowerShell\v1.0\;C:\WINDOWS\System32\OpenSSH\;C:\Program Files\Git\cmd;C:\Program Files (x86)\Universal Extractor;C:\Program Files (x86)\Universal Extractor\bin;C:\Program Files\nodejs\;C:\Program Files (x86)\NVIDIA Corporation\PhysX\Common;C:\Program Files\NVIDIA Corporation\NVIDIA NvDLISR;C:\WINDOWS\system32;C:\WINDOWS;C:\WINDOWS\System32\Wbem;C:\WINDOWS\System32\WindowsPowerShell\v1.0\;C:\WINDOWS\System32\OpenSSH\;C:\Ruby26-x64\bin;C:\Program Files\MySQL\MySQL Shell 8.0\bin\;C:\Users\Esther PC\AppData\Local\Programs\Microsoft VS Code\bin;C:\Program Files\ffmpeg\bin;%IntelliJ IDEA%;C:\Users\Esther PC\AppData\Roaming\npm;C:\Users\Esther PC\AppData\Local\Microsoft\WindowsApps;C:\Program Files\apache-maven-3.6.3\bin;;.]
2021-02-03 18:22:26.183  INFO 17352 --- [restartedMain] o.a.c.c.C.[Tomcat].[localhost].[/]       : Initializing Spring embedded WebApplicationContext
2021-02-03 18:22:26.184  INFO 17352 --- [restartedMain] o.s.web.context.ContextLoader            : Root WebApplicationContext: initialization completed in 3679 ms
2021-02-03 18:22:26.338  WARN 17352 --- [restartedMain] c.n.c.sources.URLConfigurationSource     : No URLs will be polled as dynamic configuration sources.
2021-02-03 18:22:26.339  INFO 17352 --- [restartedMain] c.n.c.sources.URLConfigurationSource     : To enable URLs as dynamic configuration sources, define System property archaius.configurationSource.additionalUrls or make config.properties available on classpath.
2021-02-03 18:22:26.352  INFO 17352 --- [restartedMain] c.netflix.config.DynamicPropertyFactory  : DynamicPropertyFactory is initialized with configuration sources: com.netflix.config.ConcurrentCompositeConfiguration@50d1a4a6
2021-02-03 18:22:27.302  WARN 17352 --- [restartedMain] c.n.c.sources.URLConfigurationSource     : No URLs will be polled as dynamic configuration sources.
2021-02-03 18:22:27.303  INFO 17352 --- [restartedMain] c.n.c.sources.URLConfigurationSource     : To enable URLs as dynamic configuration sources, define System property archaius.configurationSource.additionalUrls or make config.properties available on classpath.
2021-02-03 18:22:27.625  INFO 17352 --- [restartedMain] o.s.s.concurrent.ThreadPoolTaskExecutor  : Initializing ExecutorService 'applicationTaskExecutor'
2021-02-03 18:22:28.220  WARN 17352 --- [restartedMain] o.s.b.d.a.OptionalLiveReloadServer       : Unable to start LiveReload server
2021-02-03 18:22:28.692  INFO 17352 --- [restartedMain] o.s.b.a.e.web.EndpointLinksResolver      : Exposing 2 endpoint(s) beneath base path '/actuator'
2021-02-03 18:22:28.855  INFO 17352 --- [restartedMain] o.s.b.w.embedded.tomcat.TomcatWebServer  : Tomcat started on port(s): 64537 (http) with context path ''
2021-02-03 18:22:28.856  INFO 17352 --- [restartedMain] .s.c.n.e.s.EurekaAutoServiceRegistration : Updating port to 64537
2021-02-03 18:22:28.863  INFO 17352 --- [restartedMain] o.s.c.n.eureka.InstanceInfoFactory       : Setting initial instance status as: STARTING
2021-02-03 18:22:28.906  INFO 17352 --- [restartedMain] com.netflix.discovery.DiscoveryClient    : Initializing Eureka in region us-east-1
2021-02-03 18:22:29.156  INFO 17352 --- [restartedMain] c.n.d.provider.DiscoveryJerseyProvider   : Using JSON encoding codec LegacyJacksonJson
2021-02-03 18:22:29.157  INFO 17352 --- [restartedMain] c.n.d.provider.DiscoveryJerseyProvider   : Using JSON decoding codec LegacyJacksonJson
2021-02-03 18:22:29.278  INFO 17352 --- [restartedMain] c.n.d.provider.DiscoveryJerseyProvider   : Using XML encoding codec XStreamXml
2021-02-03 18:22:29.279  INFO 17352 --- [restartedMain] c.n.d.provider.DiscoveryJerseyProvider   : Using XML decoding codec XStreamXml
2021-02-03 18:22:29.405  INFO 17352 --- [restartedMain] c.n.d.s.r.aws.ConfigClusterResolver      : Resolving eureka endpoints via configuration
2021-02-03 18:22:29.605  INFO 17352 --- [restartedMain] com.netflix.discovery.DiscoveryClient    : Disable delta property : false
2021-02-03 18:22:29.605  INFO 17352 --- [restartedMain] com.netflix.discovery.DiscoveryClient    : Single vip registry refresh property : null
2021-02-03 18:22:29.605  INFO 17352 --- [restartedMain] com.netflix.discovery.DiscoveryClient    : Force full registry fetch : false
2021-02-03 18:22:29.606  INFO 17352 --- [restartedMain] com.netflix.discovery.DiscoveryClient    : Application is null : false
2021-02-03 18:22:29.606  INFO 17352 --- [restartedMain] com.netflix.discovery.DiscoveryClient    : Registered Applications size is zero : true
2021-02-03 18:22:29.606  INFO 17352 --- [restartedMain] com.netflix.discovery.DiscoveryClient    : Application version is -1: true
2021-02-03 18:22:29.606  INFO 17352 --- [restartedMain] com.netflix.discovery.DiscoveryClient    : Getting all instance registry info from the eureka server
2021-02-03 18:22:29.769  INFO 17352 --- [restartedMain] com.netflix.discovery.DiscoveryClient    : The response status is 200
2021-02-03 18:22:29.772  INFO 17352 --- [restartedMain] com.netflix.discovery.DiscoveryClient    : Starting heartbeat executor: renew interval is: 30
2021-02-03 18:22:29.774  INFO 17352 --- [restartedMain] c.n.discovery.InstanceInfoReplicator     : InstanceInfoReplicator onDemand update allowed rate per min is 4
2021-02-03 18:22:29.780  INFO 17352 --- [restartedMain] com.netflix.discovery.DiscoveryClient    : Discovery Client initialized at timestamp 1612372949777 with initial instances count: 1
2021-02-03 18:22:29.781  INFO 17352 --- [restartedMain] o.s.c.n.e.s.EurekaServiceRegistry        : Registering application PROFILE-PICTURES-SERVICE with eureka with status UP
2021-02-03 18:22:29.781  INFO 17352 --- [restartedMain] com.netflix.discovery.DiscoveryClient    : Saw local status change event StatusChangeEvent [timestamp=1612372949781, current=UP, previous=STARTING]
2021-02-03 18:22:29.783  INFO 17352 --- [DiscoveryClient-InstanceInfoReplicator-0] com.netflix.discovery.DiscoveryClient    : DiscoveryClient_PROFILE-PICTURES-SERVICE/profile-pictures-service:2c499e2c3db6c58d903e36e99eefb845: registering service...
2021-02-03 18:22:29.786  INFO 17352 --- [restartedMain] c.a.p.a.a.PhotoAppApiAlbumsApplication   : Started PhotoAppApiAlbumsApplication in 10.467 seconds (JVM running for 13.141)
2021-02-03 18:22:29.821  INFO 17352 --- [DiscoveryClient-InstanceInfoReplicator-0] com.netflix.discovery.DiscoveryClient    : DiscoveryClient_PROFILE-PICTURES-SERVICE/profile-pictures-service:2c499e2c3db6c58d903e36e99eefb845 - registration status: 204
2021-02-03 18:23:38.730  INFO 17352 --- [http-nio-auto-1-exec-1] o.a.c.c.C.[Tomcat].[localhost].[/]       : Initializing Spring DispatcherServlet 'dispatcherServlet'
2021-02-03 18:23:38.730  INFO 17352 --- [http-nio-auto-1-exec-1] o.s.web.servlet.DispatcherServlet        : Initializing Servlet 'dispatcherServlet'
2021-02-03 18:23:38.745  INFO 17352 --- [http-nio-auto-1-exec-1] o.s.web.servlet.DispatcherServlet        : Completed initialization in 15 ms
2021-02-03 18:23:38.851  INFO 17352 --- [http-nio-auto-1-exec-1] c.a.p.a.a.i.c.ProfilePicturesController  : Returning 2 profile pictures
