2021-02-06 05:20:49.196  INFO [,,] 20432 --- [restartedMain] c.c.c.ConfigServicePropertySourceLocator : Fetching config from server at : http://localhost:8012
2021-02-06 05:20:49.848  INFO [,,] 20432 --- [restartedMain] c.c.c.ConfigServicePropertySourceLocator : Located environment: name=EnterpriseAppConfigServer, profiles=[default], label=null, version=null, state=null
2021-02-06 05:20:49.852  INFO [,,] 20432 --- [restartedMain] b.c.PropertySourceBootstrapConfiguration : Located property source: [BootstrapPropertySource {name='bootstrapProperties-configClient'}, BootstrapPropertySource {name='bootstrapProperties-file:D:\DEV_ EXPLORING SPACE\Java Projects\EAPS - Property Files Storage\application.properties'}]
2021-02-06 05:20:49.954  INFO [,,] 20432 --- [restartedMain] c.e.u.UsersServiceApiApplication         : No active profile set, falling back to default profiles: default
2021-02-06 05:20:51.683  WARN [,,] 20432 --- [restartedMain] o.s.boot.actuate.endpoint.EndpointId     : Endpoint ID 'hystrix.stream' contains invalid characters, please migrate to a valid format.
2021-02-06 05:20:53.627  INFO [,,] 20432 --- [restartedMain] .s.d.r.c.RepositoryConfigurationDelegate : Bootstrapping Spring Data JPA repositories in DEFAULT mode.
2021-02-06 05:20:53.781  INFO [,,] 20432 --- [restartedMain] .s.d.r.c.RepositoryConfigurationDelegate : Finished Spring Data repository scanning in 139 ms. Found 1 JPA repository interfaces.
2021-02-06 05:20:55.100  INFO [,,] 20432 --- [restartedMain] o.s.cloud.context.scope.GenericScope     : BeanFactory id=e8a72d79-954c-3721-a48b-99f3b6cc5225
2021-02-06 05:20:55.135  INFO [,,] 20432 --- [restartedMain] o.s.c.a.ConfigurationClassEnhancer       : @Bean method FunctionConfiguration.po is non-static and returns an object assignable to Spring's BeanFactoryPostProcessor interface. This will result in a failure to process annotations such as @Autowired, @Resource and @PostConstruct within the method's declaring @Configuration class. Add the 'static' modifier to this method to avoid these container lifecycle issues; see @Bean javadoc for complete details.
2021-02-06 05:20:55.173  INFO [,,] 20432 --- [restartedMain] faultConfiguringBeanFactoryPostProcessor : No bean named 'errorChannel' has been explicitly defined. Therefore, a default PublishSubscribeChannel will be created.
2021-02-06 05:20:55.180  INFO [,,] 20432 --- [restartedMain] faultConfiguringBeanFactoryPostProcessor : No bean named 'taskScheduler' has been explicitly defined. Therefore, a default ThreadPoolTaskScheduler will be created.
2021-02-06 05:20:55.187  INFO [,,] 20432 --- [restartedMain] faultConfiguringBeanFactoryPostProcessor : No bean named 'integrationHeaderChannelRegistry' has been explicitly defined. Therefore, a default DefaultHeaderChannelRegistry will be created.
2021-02-06 05:20:55.774  INFO [,,] 20432 --- [restartedMain] trationDelegate$BeanPostProcessorChecker : Bean 'org.springframework.integration.config.IntegrationManagementConfiguration' of type [org.springframework.integration.config.IntegrationManagementConfiguration] is not eligible for getting processed by all BeanPostProcessors (for example: not eligible for auto-proxying)
2021-02-06 05:20:55.793  INFO [,,] 20432 --- [restartedMain] trationDelegate$BeanPostProcessorChecker : Bean 'org.springframework.boot.autoconfigure.integration.IntegrationAutoConfiguration$IntegrationJmxConfiguration' of type [org.springframework.boot.autoconfigure.integration.IntegrationAutoConfiguration$IntegrationJmxConfiguration] is not eligible for getting processed by all BeanPostProcessors (for example: not eligible for auto-proxying)
2021-02-06 05:20:55.805  INFO [,,] 20432 --- [restartedMain] trationDelegate$BeanPostProcessorChecker : Bean 'org.springframework.boot.autoconfigure.jmx.JmxAutoConfiguration' of type [org.springframework.boot.autoconfigure.jmx.JmxAutoConfiguration] is not eligible for getting processed by all BeanPostProcessors (for example: not eligible for auto-proxying)
2021-02-06 05:20:55.813  INFO [,,] 20432 --- [restartedMain] trationDelegate$BeanPostProcessorChecker : Bean 'mbeanServer' of type [com.sun.jmx.mbeanserver.JmxMBeanServer] is not eligible for getting processed by all BeanPostProcessors (for example: not eligible for auto-proxying)
2021-02-06 05:20:55.882  INFO [,,] 20432 --- [restartedMain] trationDelegate$BeanPostProcessorChecker : Bean 'integrationChannelResolver' of type [org.springframework.integration.support.channel.BeanFactoryChannelResolver] is not eligible for getting processed by all BeanPostProcessors (for example: not eligible for auto-proxying)
2021-02-06 05:20:55.887  INFO [,,] 20432 --- [restartedMain] trationDelegate$BeanPostProcessorChecker : Bean 'integrationDisposableAutoCreatedBeans' of type [org.springframework.integration.config.annotation.Disposables] is not eligible for getting processed by all BeanPostProcessors (for example: not eligible for auto-proxying)
2021-02-06 05:20:56.973  INFO [,,] 20432 --- [restartedMain] o.s.b.w.embedded.tomcat.TomcatWebServer  : Tomcat initialized with port(s): 0 (http)
2021-02-06 05:20:56.989  INFO [,,] 20432 --- [restartedMain] o.apache.catalina.core.StandardService   : Starting service [Tomcat]
2021-02-06 05:20:56.989  INFO [,,] 20432 --- [restartedMain] org.apache.catalina.core.StandardEngine  : Starting Servlet engine: [Apache Tomcat/9.0.41]
2021-02-06 05:20:57.279  INFO [,,] 20432 --- [restartedMain] o.a.c.c.C.[Tomcat].[localhost].[/]       : Initializing Spring embedded WebApplicationContext
2021-02-06 05:20:57.280  INFO [,,] 20432 --- [restartedMain] w.s.c.ServletWebServerApplicationContext : Root WebApplicationContext: initialization completed in 7242 ms
2021-02-06 05:20:57.616  WARN [,,] 20432 --- [restartedMain] c.n.c.sources.URLConfigurationSource     : No URLs will be polled as dynamic configuration sources.
2021-02-06 05:20:57.617  INFO [,,] 20432 --- [restartedMain] c.n.c.sources.URLConfigurationSource     : To enable URLs as dynamic configuration sources, define System property archaius.configurationSource.additionalUrls or make config.properties available on classpath.
2021-02-06 05:20:57.641  INFO [,,] 20432 --- [restartedMain] c.netflix.config.DynamicPropertyFactory  : DynamicPropertyFactory is initialized with configuration sources: com.netflix.config.ConcurrentCompositeConfiguration@6eea6933
2021-02-06 05:20:57.802  INFO [,,] 20432 --- [restartedMain] com.zaxxer.hikari.HikariDataSource       : HikariPool-1 - Starting...
2021-02-06 05:20:58.347  INFO [,,] 20432 --- [restartedMain] com.zaxxer.hikari.HikariDataSource       : HikariPool-1 - Start completed.
2021-02-06 05:20:58.358  INFO [,,] 20432 --- [restartedMain] o.s.b.a.h2.H2ConsoleAutoConfiguration    : H2 console available at '/h2-console'. Database available at 'jdbc:mysql://127.0.0.1:3306/Enterprise_App_Setup?serverTimezone=UTC'
2021-02-06 05:21:01.450  INFO [,,] 20432 --- [restartedMain] o.s.s.c.ThreadPoolTaskScheduler          : Initializing ExecutorService 'taskScheduler'
2021-02-06 05:21:01.637  INFO [,,] 20432 --- [restartedMain] o.s.b.a.e.web.ServletEndpointRegistrar   : Registered '/actuator/hystrix.stream' to hystrix.stream-actuator-endpoint
2021-02-06 05:21:01.805  INFO [,,] 20432 --- [restartedMain] o.hibernate.jpa.internal.util.LogHelper  : HHH000204: Processing PersistenceUnitInfo [name: default]
2021-02-06 05:21:01.912  INFO [,,] 20432 --- [restartedMain] org.hibernate.Version                    : HHH000412: Hibernate ORM core version 5.4.25.Final
2021-02-06 05:21:02.128  INFO [,,] 20432 --- [restartedMain] o.hibernate.annotations.common.Version   : HCANN000001: Hibernate Commons Annotations {5.1.2.Final}
2021-02-06 05:21:02.316  INFO [,,] 20432 --- [restartedMain] org.hibernate.dialect.Dialect            : HHH000400: Using dialect: org.hibernate.dialect.MySQL8Dialect
2021-02-06 05:21:03.185  INFO [,,] 20432 --- [restartedMain] o.h.e.t.j.p.i.JtaPlatformInitiator       : HHH000490: Using JtaPlatform implementation: [org.hibernate.engine.transaction.jta.platform.internal.NoJtaPlatform]
2021-02-06 05:21:03.196  INFO [,,] 20432 --- [restartedMain] j.LocalContainerEntityManagerFactoryBean : Initialized JPA EntityManagerFactory for persistence unit 'default'
2021-02-06 05:21:03.257  WARN [,,] 20432 --- [restartedMain] o.s.b.d.a.OptionalLiveReloadServer       : Unable to start LiveReload server
2021-02-06 05:21:03.879  WARN [,,] 20432 --- [restartedMain] JpaBaseConfiguration$JpaWebConfiguration : spring.jpa.open-in-view is enabled by default. Therefore, database queries may be performed during view rendering. Explicitly configure spring.jpa.open-in-view to disable this warning
2021-02-06 05:21:04.383  INFO [,,] 20432 --- [restartedMain] o.s.s.web.DefaultSecurityFilterChain     : Will secure any request with [org.springframework.security.web.context.request.async.WebAsyncManagerIntegrationFilter@6f1d8d2d, org.springframework.security.web.context.SecurityContextPersistenceFilter@2afb5eb5, org.springframework.security.web.header.HeaderWriterFilter@3fa2e6a7, org.springframework.security.web.authentication.logout.LogoutFilter@4eee9a94, com.enterpriseapp.users_service_api.security.AuthenticationFilter@28ae9256, org.springframework.security.web.savedrequest.RequestCacheAwareFilter@17291bd8, org.springframework.security.web.servletapi.SecurityContextHolderAwareRequestFilter@48e40563, org.springframework.security.web.authentication.AnonymousAuthenticationFilter@51268870, org.springframework.security.web.session.SessionManagementFilter@c5b2013, org.springframework.security.web.access.ExceptionTranslationFilter@355eb6a5, org.springframework.security.web.access.intercept.FilterSecurityInterceptor@6cb9a357]
2021-02-06 05:21:04.509  WARN [,,] 20432 --- [restartedMain] c.n.c.sources.URLConfigurationSource     : No URLs will be polled as dynamic configuration sources.
2021-02-06 05:21:04.509  INFO [,,] 20432 --- [restartedMain] c.n.c.sources.URLConfigurationSource     : To enable URLs as dynamic configuration sources, define System property archaius.configurationSource.additionalUrls or make config.properties available on classpath.
2021-02-06 05:21:04.841  INFO [,,] 20432 --- [restartedMain] o.s.s.concurrent.ThreadPoolTaskExecutor  : Initializing ExecutorService 'applicationTaskExecutor'
2021-02-06 05:21:05.590  INFO [,,] 20432 --- [restartedMain] o.s.c.s.m.DirectWithAttributesChannel    : Channel 'application-1.springCloudBusInput' has 1 subscriber(s).
2021-02-06 05:21:06.379  INFO [,,] 20432 --- [restartedMain] DiscoveryClientOptionalArgsConfiguration : Eureka HTTP Client uses RestTemplate.
2021-02-06 05:21:06.890  WARN [,,] 20432 --- [restartedMain] iguration$LoadBalancerCaffeineWarnLogger : Spring Cloud LoadBalancer is currently working with the default cache. You can switch to using Caffeine cache, by adding it to the classpath.
2021-02-06 05:21:06.990  INFO [,,] 20432 --- [restartedMain] o.s.b.a.e.web.EndpointLinksResolver      : Exposing 3 endpoint(s) beneath base path '/actuator'
2021-02-06 05:21:07.360  INFO [,,] 20432 --- [restartedMain] o.s.i.monitor.IntegrationMBeanExporter   : Registering MessageChannel errorChannel
2021-02-06 05:21:07.429  INFO [,,] 20432 --- [restartedMain] o.s.i.monitor.IntegrationMBeanExporter   : Registering MessageChannel springCloudBusInput
2021-02-06 05:21:07.461  INFO [,,] 20432 --- [restartedMain] o.s.i.monitor.IntegrationMBeanExporter   : Registering MessageChannel nullChannel
2021-02-06 05:21:07.480  INFO [,,] 20432 --- [restartedMain] o.s.i.monitor.IntegrationMBeanExporter   : Registering MessageHandler _org.springframework.integration.errorLogger
2021-02-06 05:21:07.541  INFO [,,] 20432 --- [restartedMain] o.s.i.endpoint.EventDrivenConsumer       : Adding {logging-channel-adapter:_org.springframework.integration.errorLogger} as a subscriber to the 'errorChannel' channel
2021-02-06 05:21:07.541  INFO [,,] 20432 --- [restartedMain] o.s.i.channel.PublishSubscribeChannel    : Channel 'application-1.errorChannel' has 1 subscriber(s).
2021-02-06 05:21:07.541  INFO [,,] 20432 --- [restartedMain] o.s.i.endpoint.EventDrivenConsumer       : started bean '_org.springframework.integration.errorLogger'
2021-02-06 05:21:07.553  INFO [,,] 20432 --- [restartedMain] o.s.c.s.binder.DefaultBinderFactory      : Creating binder: rabbit
2021-02-06 05:21:07.942  INFO [,,] 20432 --- [restartedMain] c.c.c.ConfigServicePropertySourceLocator : Fetching config from server at : http://localhost:8012
2021-02-06 05:21:07.961  INFO [,,] 20432 --- [restartedMain] c.c.c.ConfigServicePropertySourceLocator : Located environment: name=EnterpriseAppConfigServer, profiles=[default], label=null, version=null, state=null
2021-02-06 05:21:07.961  INFO [,,] 20432 --- [restartedMain] b.c.PropertySourceBootstrapConfiguration : Located property source: [BootstrapPropertySource {name='bootstrapProperties-configClient'}, BootstrapPropertySource {name='bootstrapProperties-file:D:\DEV_ EXPLORING SPACE\Java Projects\EAPS - Property Files Storage\application.properties'}]
2021-02-06 05:21:08.080  INFO [,,] 20432 --- [restartedMain] o.s.c.s.binder.DefaultBinderFactory      : Caching the binder: rabbit
2021-02-06 05:21:08.080  INFO [,,] 20432 --- [restartedMain] o.s.c.s.binder.DefaultBinderFactory      : Retrieving cached binder: rabbit
2021-02-06 05:21:08.213  INFO [,,] 20432 --- [restartedMain] c.s.b.r.p.RabbitExchangeQueueProvisioner : declaring queue for inbound: springCloudBus.anonymous.WXNZDjZwQFuTkPcoYBHHtg, bound to: springCloudBus
2021-02-06 05:21:08.218  INFO [,,] 20432 --- [restartedMain] o.s.a.r.c.CachingConnectionFactory       : Attempting to connect to: [localhost:5672]
2021-02-06 05:21:08.262  INFO [,,] 20432 --- [restartedMain] o.s.a.r.c.CachingConnectionFactory       : Created new connection: rabbitConnectionFactory#37b0e898:0/SimpleConnection@28f07cce [delegate=amqp://guest@127.0.0.1:5672/, localPort= 53245]
2021-02-06 05:21:08.337  INFO [,,] 20432 --- [restartedMain] o.s.c.stream.binder.BinderErrorChannel   : Channel 'springCloudBus.anonymous.WXNZDjZwQFuTkPcoYBHHtg.errors' has 1 subscriber(s).
2021-02-06 05:21:08.337  INFO [,,] 20432 --- [restartedMain] o.s.c.stream.binder.BinderErrorChannel   : Channel 'springCloudBus.anonymous.WXNZDjZwQFuTkPcoYBHHtg.errors' has 2 subscriber(s).
2021-02-06 05:21:08.358  INFO [,,] 20432 --- [restartedMain] o.s.i.a.i.AmqpInboundChannelAdapter      : started bean 'inbound.springCloudBus.anonymous.WXNZDjZwQFuTkPcoYBHHtg'
2021-02-06 05:21:08.382  INFO [,,] 20432 --- [restartedMain] o.s.b.w.embedded.tomcat.TomcatWebServer  : Tomcat started on port(s): 53246 (http) with context path ''
2021-02-06 05:21:08.383  INFO [,,] 20432 --- [restartedMain] .s.c.n.e.s.EurekaAutoServiceRegistration : Updating port to 53246
2021-02-06 05:21:08.390  INFO [,,] 20432 --- [restartedMain] o.s.c.n.eureka.InstanceInfoFactory       : Setting initial instance status as: STARTING
2021-02-06 05:21:08.802  INFO [,,] 20432 --- [restartedMain] o.s.c.n.e.s.EurekaServiceRegistry        : Registering application USERS-SERVICE-API with eureka with status UP
2021-02-06 05:21:09.149  INFO [,,] 20432 --- [restartedMain] o.s.i.monitor.IntegrationMBeanExporter   : Registering MessageChannel springCloudBus.anonymous.WXNZDjZwQFuTkPcoYBHHtg.errors
2021-02-06 05:21:09.235  INFO [,,] 20432 --- [restartedMain] c.e.u.UsersServiceApiApplication         : Started UsersServiceApiApplication in 26.247 seconds (JVM running for 32.146)
2021-02-06 05:21:09.660  INFO [,,] 20432 --- [RMI TCP Connection(1)-192.168.192.47] o.a.c.c.C.[Tomcat].[localhost].[/]       : Initializing Spring DispatcherServlet 'dispatcherServlet'
2021-02-06 05:21:09.661  INFO [,,] 20432 --- [RMI TCP Connection(1)-192.168.192.47] o.s.web.servlet.DispatcherServlet        : Initializing Servlet 'dispatcherServlet'
2021-02-06 05:21:09.667  INFO [,,] 20432 --- [RMI TCP Connection(1)-192.168.192.47] o.s.web.servlet.DispatcherServlet        : Completed initialization in 6 ms
2021-02-06 05:26:57.344  INFO [,5a2070f48a6a6a5a,5a2070f48a6a6a5a] 20432 --- [http-nio-auto-1-exec-4] c.e.u.serviceLayer.UsersServiceImpl      : before calling Profile-Pictures microservice
2021-02-06 05:26:57.346 DEBUG [,5a2070f48a6a6a5a,5a2070f48a6a6a5a] 20432 --- [http-nio-auto-1-exec-4] c.e.u.s.ProfilePicturesClient            : [ProfilePicturesClient#getProfilePictures] ---> GET http://profile-pictures-service/users/a1d0dad9-5256-48f1-a93f-67c855ef6929/profile-pictures HTTP/1.1
2021-02-06 05:26:57.347 DEBUG [,5a2070f48a6a6a5a,5a2070f48a6a6a5a] 20432 --- [http-nio-auto-1-exec-4] c.e.u.s.ProfilePicturesClient            : [ProfilePicturesClient#getProfilePictures] ---> END HTTP (0-byte body)
2021-02-06 05:26:57.722 DEBUG [,5a2070f48a6a6a5a,5a2070f48a6a6a5a] 20432 --- [http-nio-auto-1-exec-4] c.e.u.s.ProfilePicturesClient            : [ProfilePicturesClient#getProfilePictures] <--- HTTP/1.1 200 (374ms)
2021-02-06 05:26:57.723 DEBUG [,5a2070f48a6a6a5a,5a2070f48a6a6a5a] 20432 --- [http-nio-auto-1-exec-4] c.e.u.s.ProfilePicturesClient            : [ProfilePicturesClient#getProfilePictures] content-type: application/json;charset=UTF-8
2021-02-06 05:26:57.723 DEBUG [,5a2070f48a6a6a5a,5a2070f48a6a6a5a] 20432 --- [http-nio-auto-1-exec-4] c.e.u.s.ProfilePicturesClient            : [ProfilePicturesClient#getProfilePictures] date: Sat, 06 Feb 2021 04:26:57 GMT
2021-02-06 05:26:57.723 DEBUG [,5a2070f48a6a6a5a,5a2070f48a6a6a5a] 20432 --- [http-nio-auto-1-exec-4] c.e.u.s.ProfilePicturesClient            : [ProfilePicturesClient#getProfilePictures] transfer-encoding: chunked
2021-02-06 05:26:57.723 DEBUG [,5a2070f48a6a6a5a,5a2070f48a6a6a5a] 20432 --- [http-nio-auto-1-exec-4] c.e.u.s.ProfilePicturesClient            : [ProfilePicturesClient#getProfilePictures] 
2021-02-06 05:26:57.725 DEBUG [,5a2070f48a6a6a5a,5a2070f48a6a6a5a] 20432 --- [http-nio-auto-1-exec-4] c.e.u.s.ProfilePicturesClient            : [ProfilePicturesClient#getProfilePictures] [{"photoId":"photo1Id","userId":"a1d0dad9-5256-48f1-a93f-67c855ef6929","name":"photo 1 name","description":"photo 1 description","location":"https://www.askideas.com/media/50/Funny-Jim-Carrey-Caricature-Face-Picture.jpg"},{"photoId":"photo2Id","userId":"a1d0dad9-5256-48f1-a93f-67c855ef6929","name":"photo 2 name","description":"photo 2 description","location":null}]
2021-02-06 05:26:57.725 DEBUG [,5a2070f48a6a6a5a,5a2070f48a6a6a5a] 20432 --- [http-nio-auto-1-exec-4] c.e.u.s.ProfilePicturesClient            : [ProfilePicturesClient#getProfilePictures] <--- END HTTP (367-byte body)
2021-02-06 05:26:57.730  INFO [,5a2070f48a6a6a5a,5a2070f48a6a6a5a] 20432 --- [http-nio-auto-1-exec-4] c.e.u.serviceLayer.UsersServiceImpl      : after calling Profile-Pictures microservice
